2025-10-05T18:06:44.529-03:00  INFO 24184 --- [esgames-endpoints] [main] b.c.f.e.EsgamesEndpointsApplication      : Starting EsgamesEndpointsApplication using Java 21.0.8 with PID 24184 (C:\Users\Gabi\IdeaProjects\ESGGAMES-ENDPOINTS\target\classes started by Gabi in C:\Users\Gabi\IdeaProjects\ESGGAMES-ENDPOINTS)
2025-10-05T18:06:44.531-03:00  INFO 24184 --- [esgames-endpoints] [main] b.c.f.e.EsgamesEndpointsApplication      : No active profile set, falling back to 1 default profile: "default"
2025-10-05T18:06:45.411-03:00  INFO 24184 --- [esgames-endpoints] [main] .s.d.r.c.RepositoryConfigurationDelegate : Bootstrapping Spring Data MongoDB repositories in DEFAULT mode.
2025-10-05T18:06:45.499-03:00  INFO 24184 --- [esgames-endpoints] [main] .s.d.r.c.RepositoryConfigurationDelegate : Finished Spring Data repository scanning in 81 ms. Found 4 MongoDB repository interfaces.
2025-10-05T18:06:46.000-03:00  INFO 24184 --- [esgames-endpoints] [main] o.s.b.w.embedded.tomcat.TomcatWebServer  : Tomcat initialized with port 8080 (http)
2025-10-05T18:06:46.013-03:00  INFO 24184 --- [esgames-endpoints] [main] o.apache.catalina.core.StandardService   : Starting service [Tomcat]
2025-10-05T18:06:46.014-03:00  INFO 24184 --- [esgames-endpoints] [main] o.apache.catalina.core.StandardEngine    : Starting Servlet engine: [Apache Tomcat/10.1.30]
2025-10-05T18:06:46.068-03:00  INFO 24184 --- [esgames-endpoints] [main] o.a.c.c.C.[Tomcat].[localhost].[/api]    : Initializing Spring embedded WebApplicationContext
2025-10-05T18:06:46.069-03:00  INFO 24184 --- [esgames-endpoints] [main] w.s.c.ServletWebServerApplicationContext : Root WebApplicationContext: initialization completed in 1472 ms
2025-10-05T18:06:46.266-03:00  INFO 24184 --- [esgames-endpoints] [main] org.mongodb.driver.client                : MongoClient with metadata {"driver": {"name": "mongo-java-driver|sync|spring-boot", "version": "5.0.1"}, "os": {"type": "Windows", "name": "Windows 11", "architecture": "amd64", "version": "10.0"}, "platform": "Java/Eclipse Adoptium/21.0.8+9-LTS"} created with settings MongoClientSettings{readPreference=primary, writeConcern=WriteConcern{w=null, wTimeout=null ms, journal=null}, retryWrites=true, retryReads=true, readConcern=ReadConcern{level=null}, credential=null, transportSettings=null, commandListeners=[], codecRegistry=ProvidersCodecRegistry{codecProviders=[ValueCodecProvider{}, BsonValueCodecProvider{}, DBRefCodecProvider{}, DBObjectCodecProvider{}, DocumentCodecProvider{}, CollectionCodecProvider{}, IterableCodecProvider{}, MapCodecProvider{}, GeoJsonCodecProvider{}, GridFSFileCodecProvider{}, Jsr310CodecProvider{}, JsonObjectCodecProvider{}, BsonCodecProvider{}, EnumCodecProvider{}, com.mongodb.client.model.mql.ExpressionCodecProvider@705a8dbc, com.mongodb.Jep395RecordCodecProvider@40729f01, com.mongodb.KotlinCodecProvider@d535a3d]}, loggerSettings=LoggerSettings{maxDocumentLength=1000}, clusterSettings={hosts=[mongo:27017], srvServiceName=mongodb, mode=SINGLE, requiredClusterType=UNKNOWN, requiredReplicaSetName='null', serverSelector='null', clusterListeners='[]', serverSelectionTimeout='30000 ms', localThreshold='15 ms'}, socketSettings=SocketSettings{connectTimeoutMS=10000, readTimeoutMS=0, receiveBufferSize=0, proxySettings=ProxySettings{host=null, port=null, username=null, password=null}}, heartbeatSocketSettings=SocketSettings{connectTimeoutMS=10000, readTimeoutMS=10000, receiveBufferSize=0, proxySettings=ProxySettings{host=null, port=null, username=null, password=null}}, connectionPoolSettings=ConnectionPoolSettings{maxSize=100, minSize=0, maxWaitTimeMS=120000, maxConnectionLifeTimeMS=0, maxConnectionIdleTimeMS=0, maintenanceInitialDelayMS=0, maintenanceFrequencyMS=60000, connectionPoolListeners=[], maxConnecting=2}, serverSettings=ServerSettings{heartbeatFrequencyMS=10000, minHeartbeatFrequencyMS=500, serverListeners='[]', serverMonitorListeners='[]'}, sslSettings=SslSettings{enabled=false, invalidHostNameAllowed=false, context=null}, applicationName='null', compressorList=[], uuidRepresentation=JAVA_LEGACY, serverApi=null, autoEncryptionSettings=null, dnsClient=null, inetAddressResolver=null, contextProvider=null}
2025-10-05T18:06:46.528-03:00 DEBUG 24184 --- [esgames-endpoints] [main] .m.c.i.MongoPersistentEntityIndexCreator : Analyzing class class br.com.fiap.esgames_endpoints.model.Missao for index information
2025-10-05T18:06:46.536-03:00 DEBUG 24184 --- [esgames-endpoints] [main] .m.c.i.MongoPersistentEntityIndexCreator : Analyzing class class br.com.fiap.esgames_endpoints.model.Usuario for index information
2025-10-05T18:06:46.536-03:00 DEBUG 24184 --- [esgames-endpoints] [main] .m.c.i.MongoPersistentEntityIndexCreator : Analyzing class class br.com.fiap.esgames_endpoints.model.RelatorioMensal for index information
2025-10-05T18:06:46.537-03:00 DEBUG 24184 --- [esgames-endpoints] [main] .m.c.i.MongoPersistentEntityIndexCreator : Analyzing class class br.com.fiap.esgames_endpoints.model.Material for index information
2025-10-05T18:06:46.537-03:00 DEBUG 24184 --- [esgames-endpoints] [main] .m.c.i.MongoPersistentEntityIndexCreator : Analyzing class class br.com.fiap.esgames_endpoints.model.Representante for index information
2025-10-05T18:06:46.538-03:00 DEBUG 24184 --- [esgames-endpoints] [main] .m.c.i.MongoPersistentEntityIndexCreator : Analyzing class class br.com.fiap.esgames_endpoints.model.UsuarioSelo for index information
2025-10-05T18:06:46.538-03:00 DEBUG 24184 --- [esgames-endpoints] [main] .m.c.i.MongoPersistentEntityIndexCreator : Analyzing class class br.com.fiap.esgames_endpoints.model.UsuarioRecompensa for index information
2025-10-05T18:06:46.539-03:00 DEBUG 24184 --- [esgames-endpoints] [main] .m.c.i.MongoPersistentEntityIndexCreator : Analyzing class class br.com.fiap.esgames_endpoints.model.Recompensa for index information
2025-10-05T18:06:46.539-03:00 DEBUG 24184 --- [esgames-endpoints] [main] .m.c.i.MongoPersistentEntityIndexCreator : Analyzing class class br.com.fiap.esgames_endpoints.model.Selo for index information
2025-10-05T18:06:46.539-03:00 DEBUG 24184 --- [esgames-endpoints] [main] .m.c.i.MongoPersistentEntityIndexCreator : Analyzing class class br.com.fiap.esgames_endpoints.model.RegistroAtividade for index information
2025-10-05T18:06:46.717-03:00 DEBUG 24184 --- [esgames-endpoints] [main] .m.c.i.MongoPersistentEntityIndexCreator : Analyzing class interface org.springframework.security.core.GrantedAuthority for index information
2025-10-05T18:06:46.717-03:00 DEBUG 24184 --- [esgames-endpoints] [main] .m.c.i.MongoPersistentEntityIndexCreator : Analyzing class interface org.springframework.security.core.userdetails.UserDetails for index information
2025-10-05T18:06:46.795-03:00  INFO 24184 --- [esgames-endpoints] [main] r$InitializeUserDetailsManagerConfigurer : Global AuthenticationManager configured with UserDetailsService bean with name authorizationService
2025-10-05T18:06:46.824-03:00 DEBUG 24184 --- [esgames-endpoints] [main] .m.c.i.MongoPersistentEntityIndexCreator : Analyzing class interface java.util.Map for index information
2025-10-05T18:06:47.319-03:00  INFO 24184 --- [esgames-endpoints] [main] o.s.b.w.embedded.tomcat.TomcatWebServer  : Tomcat started on port 8080 (http) with context path '/api'
2025-10-05T18:06:47.326-03:00  INFO 24184 --- [esgames-endpoints] [main] b.c.f.e.EsgamesEndpointsApplication      : Started EsgamesEndpointsApplication in 3.532 seconds (process running for 4.075)
2025-10-05T18:06:48.953-03:00  INFO 24184 --- [esgames-endpoints] [cluster-ClusterId{value='68e2dde6c7ffca5c096d9de1', description='null'}-mongo:27017] org.mongodb.driver.cluster               : Exception in monitor thread while connecting to server mongo:27017

com.mongodb.MongoSocketException: mongo
	at com.mongodb.internal.connection.ServerAddressHelper.getSocketAddresses(ServerAddressHelper.java:75) ~[mongodb-driver-core-5.0.1.jar:na]
	at com.mongodb.internal.connection.SocketStream.initializeSocket(SocketStream.java:101) ~[mongodb-driver-core-5.0.1.jar:na]
	at com.mongodb.internal.connection.SocketStream.open(SocketStream.java:80) ~[mongodb-driver-core-5.0.1.jar:na]
	at com.mongodb.internal.connection.InternalStreamConnection.open(InternalStreamConnection.java:201) ~[mongodb-driver-core-5.0.1.jar:na]
	at com.mongodb.internal.connection.DefaultServerMonitor$ServerMonitorRunnable.lookupServerDescription(DefaultServerMonitor.java:193) ~[mongodb-driver-core-5.0.1.jar:na]
	at com.mongodb.internal.connection.DefaultServerMonitor$ServerMonitorRunnable.run(DefaultServerMonitor.java:153) ~[mongodb-driver-core-5.0.1.jar:na]
	at java.base/java.lang.Thread.run(Thread.java:1583) ~[na:na]
Caused by: java.net.UnknownHostException: mongo
	at java.base/java.net.InetAddress$CachedLookup.get(InetAddress.java:988) ~[na:na]
	at java.base/java.net.InetAddress$NameServiceAddresses.get(InetAddress.java:1191) ~[na:na]
	at java.base/java.net.InetAddress.getAllByName0(InetAddress.java:1818) ~[na:na]
	at java.base/java.net.InetAddress.getAllByName(InetAddress.java:1688) ~[na:na]
	at com.mongodb.internal.connection.DefaultInetAddressResolver.lookupByName(DefaultInetAddressResolver.java:34) ~[mongodb-driver-core-5.0.1.jar:na]
	at com.mongodb.internal.connection.ServerAddressHelper.getSocketAddresses(ServerAddressHelper.java:71) ~[mongodb-driver-core-5.0.1.jar:na]
	... 6 common frames omitted

2025-10-05T18:07:01.656-03:00  INFO 24184 --- [esgames-endpoints] [cluster-ClusterId{value='68e2dde6c7ffca5c096d9de1', description='null'}-mongo:27017] org.mongodb.driver.cluster               : Exception in monitor thread while connecting to server mongo:27017

com.mongodb.MongoSocketException: Este host não é conhecido (mongo)
	at com.mongodb.internal.connection.ServerAddressHelper.getSocketAddresses(ServerAddressHelper.java:75) ~[mongodb-driver-core-5.0.1.jar:na]
	at com.mongodb.internal.connection.SocketStream.initializeSocket(SocketStream.java:101) ~[mongodb-driver-core-5.0.1.jar:na]
	at com.mongodb.internal.connection.SocketStream.open(SocketStream.java:80) ~[mongodb-driver-core-5.0.1.jar:na]
	at com.mongodb.internal.connection.InternalStreamConnection.open(InternalStreamConnection.java:201) ~[mongodb-driver-core-5.0.1.jar:na]
	at com.mongodb.internal.connection.DefaultServerMonitor$ServerMonitorRunnable.lookupServerDescription(DefaultServerMonitor.java:193) ~[mongodb-driver-core-5.0.1.jar:na]
	at com.mongodb.internal.connection.DefaultServerMonitor$ServerMonitorRunnable.run(DefaultServerMonitor.java:153) ~[mongodb-driver-core-5.0.1.jar:na]
	at java.base/java.lang.Thread.run(Thread.java:1583) ~[na:na]
Caused by: java.net.UnknownHostException: Este host não é conhecido (mongo)
	at java.base/java.net.Inet6AddressImpl.lookupAllHostAddr(Native Method) ~[na:na]
	at java.base/java.net.Inet6AddressImpl.lookupAllHostAddr(Inet6AddressImpl.java:52) ~[na:na]
	at java.base/java.net.InetAddress$PlatformResolver.lookupByName(InetAddress.java:1211) ~[na:na]
	at java.base/java.net.InetAddress.getAddressesFromNameService(InetAddress.java:1828) ~[na:na]
	at java.base/java.net.InetAddress$NameServiceAddresses.get(InetAddress.java:1139) ~[na:na]
	at java.base/java.net.InetAddress.getAllByName0(InetAddress.java:1818) ~[na:na]
	at java.base/java.net.InetAddress.getAllByName(InetAddress.java:1688) ~[na:na]
	at com.mongodb.internal.connection.DefaultInetAddressResolver.lookupByName(DefaultInetAddressResolver.java:34) ~[mongodb-driver-core-5.0.1.jar:na]
	at com.mongodb.internal.connection.ServerAddressHelper.getSocketAddresses(ServerAddressHelper.java:71) ~[mongodb-driver-core-5.0.1.jar:na]
	... 6 common frames omitted

2025-10-05T18:08:56.042-03:00  INFO 24184 --- [esgames-endpoints] [cluster-ClusterId{value='68e2dde6c7ffca5c096d9de1', description='null'}-mongo:27017] org.mongodb.driver.cluster               : Exception in monitor thread while connecting to server mongo:27017

com.mongodb.MongoSocketException: mongo
	at com.mongodb.internal.connection.ServerAddressHelper.getSocketAddresses(ServerAddressHelper.java:75) ~[mongodb-driver-core-5.0.1.jar:na]
	at com.mongodb.internal.connection.SocketStream.initializeSocket(SocketStream.java:101) ~[mongodb-driver-core-5.0.1.jar:na]
	at com.mongodb.internal.connection.SocketStream.open(SocketStream.java:80) ~[mongodb-driver-core-5.0.1.jar:na]
	at com.mongodb.internal.connection.InternalStreamConnection.open(InternalStreamConnection.java:201) ~[mongodb-driver-core-5.0.1.jar:na]
	at com.mongodb.internal.connection.DefaultServerMonitor$ServerMonitorRunnable.lookupServerDescription(DefaultServerMonitor.java:193) ~[mongodb-driver-core-5.0.1.jar:na]
	at com.mongodb.internal.connection.DefaultServerMonitor$ServerMonitorRunnable.run(DefaultServerMonitor.java:153) ~[mongodb-driver-core-5.0.1.jar:na]
	at java.base/java.lang.Thread.run(Thread.java:1583) ~[na:na]
Caused by: java.net.UnknownHostException: mongo
	at java.base/java.net.InetAddress$CachedLookup.get(InetAddress.java:988) ~[na:na]
	at java.base/java.net.InetAddress$NameServiceAddresses.get(InetAddress.java:1191) ~[na:na]
	at java.base/java.net.InetAddress.getAllByName0(InetAddress.java:1818) ~[na:na]
	at java.base/java.net.InetAddress.getAllByName(InetAddress.java:1688) ~[na:na]
	at com.mongodb.internal.connection.DefaultInetAddressResolver.lookupByName(DefaultInetAddressResolver.java:34) ~[mongodb-driver-core-5.0.1.jar:na]
	at com.mongodb.internal.connection.ServerAddressHelper.getSocketAddresses(ServerAddressHelper.java:71) ~[mongodb-driver-core-5.0.1.jar:na]
	... 6 common frames omitted

2025-10-05T18:09:22.395-03:00  INFO 19768 --- [esgames-endpoints] [main] b.c.f.e.EsgamesEndpointsApplication      : Starting EsgamesEndpointsApplication using Java 21.0.8 with PID 19768 (C:\Users\Gabi\IdeaProjects\ESGGAMES-ENDPOINTS\target\classes started by Gabi in C:\Users\Gabi\IdeaProjects\ESGGAMES-ENDPOINTS)
2025-10-05T18:09:22.397-03:00  INFO 19768 --- [esgames-endpoints] [main] b.c.f.e.EsgamesEndpointsApplication      : No active profile set, falling back to 1 default profile: "default"
2025-10-05T18:09:23.143-03:00  INFO 19768 --- [esgames-endpoints] [main] .s.d.r.c.RepositoryConfigurationDelegate : Bootstrapping Spring Data MongoDB repositories in DEFAULT mode.
2025-10-05T18:09:23.234-03:00  INFO 19768 --- [esgames-endpoints] [main] .s.d.r.c.RepositoryConfigurationDelegate : Finished Spring Data repository scanning in 84 ms. Found 4 MongoDB repository interfaces.
2025-10-05T18:09:23.787-03:00  INFO 19768 --- [esgames-endpoints] [main] o.s.b.w.embedded.tomcat.TomcatWebServer  : Tomcat initialized with port 8080 (http)
2025-10-05T18:09:23.805-03:00  INFO 19768 --- [esgames-endpoints] [main] o.apache.catalina.core.StandardService   : Starting service [Tomcat]
2025-10-05T18:09:23.805-03:00  INFO 19768 --- [esgames-endpoints] [main] o.apache.catalina.core.StandardEngine    : Starting Servlet engine: [Apache Tomcat/10.1.30]
2025-10-05T18:09:23.859-03:00  INFO 19768 --- [esgames-endpoints] [main] o.a.c.c.C.[Tomcat].[localhost].[/api]    : Initializing Spring embedded WebApplicationContext
2025-10-05T18:09:23.861-03:00  INFO 19768 --- [esgames-endpoints] [main] w.s.c.ServletWebServerApplicationContext : Root WebApplicationContext: initialization completed in 1393 ms
2025-10-05T18:09:24.097-03:00  INFO 19768 --- [esgames-endpoints] [main] org.mongodb.driver.client                : MongoClient with metadata {"application": {"name": "FiapCluster"}, "driver": {"name": "mongo-java-driver|sync|spring-boot", "version": "5.0.1"}, "os": {"type": "Windows", "name": "Windows 11", "architecture": "amd64", "version": "10.0"}, "platform": "Java/Eclipse Adoptium/21.0.8+9-LTS"} created with settings MongoClientSettings{readPreference=primary, writeConcern=WriteConcern{w=majority, wTimeout=null ms, journal=null}, retryWrites=true, retryReads=true, readConcern=ReadConcern{level=null}, credential=MongoCredential{mechanism=null, userName='gabimay', source='admin', password=<hidden>, mechanismProperties=<hidden>}, transportSettings=null, commandListeners=[], codecRegistry=ProvidersCodecRegistry{codecProviders=[ValueCodecProvider{}, BsonValueCodecProvider{}, DBRefCodecProvider{}, DBObjectCodecProvider{}, DocumentCodecProvider{}, CollectionCodecProvider{}, IterableCodecProvider{}, MapCodecProvider{}, GeoJsonCodecProvider{}, GridFSFileCodecProvider{}, Jsr310CodecProvider{}, JsonObjectCodecProvider{}, BsonCodecProvider{}, EnumCodecProvider{}, com.mongodb.client.model.mql.ExpressionCodecProvider@441fbe89, com.mongodb.Jep395RecordCodecProvider@6088451e, com.mongodb.KotlinCodecProvider@45ab3bdd]}, loggerSettings=LoggerSettings{maxDocumentLength=1000}, clusterSettings={hosts=[127.0.0.1:27017], srvHost=cluster0.tuwr99s.mongodb.net, srvServiceName=mongodb, mode=MULTIPLE, requiredClusterType=REPLICA_SET, requiredReplicaSetName='atlas-wno0ut-shard-0', serverSelector='null', clusterListeners='[]', serverSelectionTimeout='30000 ms', localThreshold='15 ms'}, socketSettings=SocketSettings{connectTimeoutMS=10000, readTimeoutMS=0, receiveBufferSize=0, proxySettings=ProxySettings{host=null, port=null, username=null, password=null}}, heartbeatSocketSettings=SocketSettings{connectTimeoutMS=10000, readTimeoutMS=10000, receiveBufferSize=0, proxySettings=ProxySettings{host=null, port=null, username=null, password=null}}, connectionPoolSettings=ConnectionPoolSettings{maxSize=100, minSize=0, maxWaitTimeMS=120000, maxConnectionLifeTimeMS=0, maxConnectionIdleTimeMS=0, maintenanceInitialDelayMS=0, maintenanceFrequencyMS=60000, connectionPoolListeners=[], maxConnecting=2}, serverSettings=ServerSettings{heartbeatFrequencyMS=10000, minHeartbeatFrequencyMS=500, serverListeners='[]', serverMonitorListeners='[]'}, sslSettings=SslSettings{enabled=true, invalidHostNameAllowed=false, context=null}, applicationName='FiapCluster', compressorList=[], uuidRepresentation=JAVA_LEGACY, serverApi=null, autoEncryptionSettings=null, dnsClient=null, inetAddressResolver=null, contextProvider=null}
2025-10-05T18:09:24.234-03:00  INFO 19768 --- [esgames-endpoints] [cluster-ClusterId{value='68e2de84e595ad05fc47b163', description='FiapCluster'}-srv-cluster0.tuwr99s.mongodb.net] org.mongodb.driver.cluster               : Adding discovered server ac-9wtmxkw-shard-00-01.tuwr99s.mongodb.net:27017 to client view of cluster
2025-10-05T18:09:24.269-03:00  INFO 19768 --- [esgames-endpoints] [cluster-ClusterId{value='68e2de84e595ad05fc47b163', description='FiapCluster'}-srv-cluster0.tuwr99s.mongodb.net] org.mongodb.driver.cluster               : Adding discovered server ac-9wtmxkw-shard-00-00.tuwr99s.mongodb.net:27017 to client view of cluster
2025-10-05T18:09:24.271-03:00  INFO 19768 --- [esgames-endpoints] [cluster-ClusterId{value='68e2de84e595ad05fc47b163', description='FiapCluster'}-srv-cluster0.tuwr99s.mongodb.net] org.mongodb.driver.cluster               : Adding discovered server ac-9wtmxkw-shard-00-02.tuwr99s.mongodb.net:27017 to client view of cluster
2025-10-05T18:09:24.621-03:00  INFO 19768 --- [esgames-endpoints] [main] r$InitializeUserDetailsManagerConfigurer : Global AuthenticationManager configured with UserDetailsService bean with name authorizationService
2025-10-05T18:09:24.966-03:00  INFO 19768 --- [esgames-endpoints] [cluster-ClusterId{value='68e2de84e595ad05fc47b163', description='FiapCluster'}-ac-9wtmxkw-shard-00-00.tuwr99s.mongodb.net:27017] org.mongodb.driver.cluster               : Monitor thread successfully connected to server with description ServerDescription{address=ac-9wtmxkw-shard-00-00.tuwr99s.mongodb.net:27017, type=REPLICA_SET_SECONDARY, state=CONNECTED, ok=true, minWireVersion=0, maxWireVersion=25, maxDocumentSize=16777216, logicalSessionTimeoutMinutes=30, roundTripTimeNanos=89777800, setName='atlas-wno0ut-shard-0', canonicalAddress=ac-9wtmxkw-shard-00-00.tuwr99s.mongodb.net:27017, hosts=[ac-9wtmxkw-shard-00-02.tuwr99s.mongodb.net:27017, ac-9wtmxkw-shard-00-01.tuwr99s.mongodb.net:27017, ac-9wtmxkw-shard-00-00.tuwr99s.mongodb.net:27017], passives=[], arbiters=[], primary='ac-9wtmxkw-shard-00-01.tuwr99s.mongodb.net:27017', tagSet=TagSet{[Tag{name='availabilityZone', value='sae1-az1'}, Tag{name='diskState', value='READY'}, Tag{name='nodeType', value='ELECTABLE'}, Tag{name='provider', value='AWS'}, Tag{name='region', value='SA_EAST_1'}, Tag{name='workloadType', value='OPERATIONAL'}]}, electionId=null, setVersion=103, topologyVersion=TopologyVersion{processId=68de93e73e0934d8621e70a0, counter=4}, lastWriteDate=Sun Oct 05 18:09:30 BRT 2025, lastUpdateTimeNanos=16337804445200}
2025-10-05T18:09:24.967-03:00  INFO 19768 --- [esgames-endpoints] [cluster-ClusterId{value='68e2de84e595ad05fc47b163', description='FiapCluster'}-ac-9wtmxkw-shard-00-02.tuwr99s.mongodb.net:27017] org.mongodb.driver.cluster               : Monitor thread successfully connected to server with description ServerDescription{address=ac-9wtmxkw-shard-00-02.tuwr99s.mongodb.net:27017, type=REPLICA_SET_SECONDARY, state=CONNECTED, ok=true, minWireVersion=0, maxWireVersion=25, maxDocumentSize=16777216, logicalSessionTimeoutMinutes=30, roundTripTimeNanos=317143700, setName='atlas-wno0ut-shard-0', canonicalAddress=ac-9wtmxkw-shard-00-02.tuwr99s.mongodb.net:27017, hosts=[ac-9wtmxkw-shard-00-02.tuwr99s.mongodb.net:27017, ac-9wtmxkw-shard-00-01.tuwr99s.mongodb.net:27017, ac-9wtmxkw-shard-00-00.tuwr99s.mongodb.net:27017], passives=[], arbiters=[], primary='ac-9wtmxkw-shard-00-01.tuwr99s.mongodb.net:27017', tagSet=TagSet{[Tag{name='availabilityZone', value='sae1-az2'}, Tag{name='diskState', value='READY'}, Tag{name='nodeType', value='ELECTABLE'}, Tag{name='provider', value='AWS'}, Tag{name='region', value='SA_EAST_1'}, Tag{name='workloadType', value='OPERATIONAL'}]}, electionId=null, setVersion=103, topologyVersion=TopologyVersion{processId=68de9444b2cd66659f983404, counter=3}, lastWriteDate=Sun Oct 05 18:09:30 BRT 2025, lastUpdateTimeNanos=16337804445700}
2025-10-05T18:09:24.967-03:00  INFO 19768 --- [esgames-endpoints] [cluster-ClusterId{value='68e2de84e595ad05fc47b163', description='FiapCluster'}-ac-9wtmxkw-shard-00-01.tuwr99s.mongodb.net:27017] org.mongodb.driver.cluster               : Monitor thread successfully connected to server with description ServerDescription{address=ac-9wtmxkw-shard-00-01.tuwr99s.mongodb.net:27017, type=REPLICA_SET_PRIMARY, state=CONNECTED, ok=true, minWireVersion=0, maxWireVersion=25, maxDocumentSize=16777216, logicalSessionTimeoutMinutes=30, roundTripTimeNanos=204644800, setName='atlas-wno0ut-shard-0', canonicalAddress=ac-9wtmxkw-shard-00-01.tuwr99s.mongodb.net:27017, hosts=[ac-9wtmxkw-shard-00-02.tuwr99s.mongodb.net:27017, ac-9wtmxkw-shard-00-01.tuwr99s.mongodb.net:27017, ac-9wtmxkw-shard-00-00.tuwr99s.mongodb.net:27017], passives=[], arbiters=[], primary='ac-9wtmxkw-shard-00-01.tuwr99s.mongodb.net:27017', tagSet=TagSet{[Tag{name='availabilityZone', value='sae1-az3'}, Tag{name='diskState', value='READY'}, Tag{name='nodeType', value='ELECTABLE'}, Tag{name='provider', value='AWS'}, Tag{name='region', value='SA_EAST_1'}, Tag{name='workloadType', value='OPERATIONAL'}]}, electionId=7fffffff0000000000000076, setVersion=103, topologyVersion=TopologyVersion{processId=68de941661aafb1ff1a5975a, counter=6}, lastWriteDate=Sun Oct 05 18:09:30 BRT 2025, lastUpdateTimeNanos=16337804444500}
2025-10-05T18:09:24.970-03:00  INFO 19768 --- [esgames-endpoints] [cluster-ClusterId{value='68e2de84e595ad05fc47b163', description='FiapCluster'}-ac-9wtmxkw-shard-00-01.tuwr99s.mongodb.net:27017] org.mongodb.driver.cluster               : Discovered replica set primary ac-9wtmxkw-shard-00-01.tuwr99s.mongodb.net:27017 with max election id 7fffffff0000000000000076 and max set version 103
2025-10-05T18:09:25.169-03:00  INFO 19768 --- [esgames-endpoints] [main] o.s.b.w.embedded.tomcat.TomcatWebServer  : Tomcat started on port 8080 (http) with context path '/api'
2025-10-05T18:09:25.183-03:00  INFO 19768 --- [esgames-endpoints] [main] b.c.f.e.EsgamesEndpointsApplication      : Started EsgamesEndpointsApplication in 3.314 seconds (process running for 3.695)
2025-10-05T18:10:07.157-03:00  INFO 19768 --- [esgames-endpoints] [http-nio-0.0.0.0-8080-exec-1] o.a.c.c.C.[Tomcat].[localhost].[/api]    : Initializing Spring DispatcherServlet 'dispatcherServlet'
2025-10-05T18:10:07.157-03:00  INFO 19768 --- [esgames-endpoints] [http-nio-0.0.0.0-8080-exec-1] o.s.web.servlet.DispatcherServlet        : Initializing Servlet 'dispatcherServlet'
2025-10-05T18:10:07.159-03:00  INFO 19768 --- [esgames-endpoints] [http-nio-0.0.0.0-8080-exec-1] o.s.web.servlet.DispatcherServlet        : Completed initialization in 2 ms
2025-10-05T18:10:50.807-03:00  INFO 23736 --- [esgames-endpoints] [main] b.c.f.e.EsgamesEndpointsApplication      : Starting EsgamesEndpointsApplication using Java 21.0.8 with PID 23736 (C:\Users\Gabi\IdeaProjects\ESGGAMES-ENDPOINTS\target\classes started by Gabi in C:\Users\Gabi\IdeaProjects\ESGGAMES-ENDPOINTS)
2025-10-05T18:10:50.809-03:00  INFO 23736 --- [esgames-endpoints] [main] b.c.f.e.EsgamesEndpointsApplication      : No active profile set, falling back to 1 default profile: "default"
2025-10-05T18:10:51.560-03:00  INFO 23736 --- [esgames-endpoints] [main] .s.d.r.c.RepositoryConfigurationDelegate : Bootstrapping Spring Data MongoDB repositories in DEFAULT mode.
2025-10-05T18:10:51.627-03:00  INFO 23736 --- [esgames-endpoints] [main] .s.d.r.c.RepositoryConfigurationDelegate : Finished Spring Data repository scanning in 62 ms. Found 4 MongoDB repository interfaces.
2025-10-05T18:10:52.285-03:00  INFO 23736 --- [esgames-endpoints] [main] o.s.b.w.embedded.tomcat.TomcatWebServer  : Tomcat initialized with port 8080 (http)
2025-10-05T18:10:52.303-03:00  INFO 23736 --- [esgames-endpoints] [main] o.apache.catalina.core.StandardService   : Starting service [Tomcat]
2025-10-05T18:10:52.303-03:00  INFO 23736 --- [esgames-endpoints] [main] o.apache.catalina.core.StandardEngine    : Starting Servlet engine: [Apache Tomcat/10.1.30]
2025-10-05T18:10:52.372-03:00  INFO 23736 --- [esgames-endpoints] [main] o.a.c.c.C.[Tomcat].[localhost].[/api]    : Initializing Spring embedded WebApplicationContext
2025-10-05T18:10:52.373-03:00  INFO 23736 --- [esgames-endpoints] [main] w.s.c.ServletWebServerApplicationContext : Root WebApplicationContext: initialization completed in 1516 ms
2025-10-05T18:10:52.543-03:00  INFO 23736 --- [esgames-endpoints] [cluster-ClusterId{value='68e2dedc24a38b4771b171dc', description='FiapCluster'}-srv-cluster0.tuwr99s.mongodb.net] org.mongodb.driver.cluster               : Adding discovered server ac-9wtmxkw-shard-00-01.tuwr99s.mongodb.net:27017 to client view of cluster
2025-10-05T18:10:52.566-03:00  INFO 23736 --- [esgames-endpoints] [main] org.mongodb.driver.client                : MongoClient with metadata {"application": {"name": "FiapCluster"}, "driver": {"name": "mongo-java-driver|sync|spring-boot", "version": "5.0.1"}, "os": {"type": "Windows", "name": "Windows 11", "architecture": "amd64", "version": "10.0"}, "platform": "Java/Eclipse Adoptium/21.0.8+9-LTS"} created with settings MongoClientSettings{readPreference=primary, writeConcern=WriteConcern{w=majority, wTimeout=null ms, journal=null}, retryWrites=true, retryReads=true, readConcern=ReadConcern{level=null}, credential=MongoCredential{mechanism=null, userName='gabimay', source='admin', password=<hidden>, mechanismProperties=<hidden>}, transportSettings=null, commandListeners=[], codecRegistry=ProvidersCodecRegistry{codecProviders=[ValueCodecProvider{}, BsonValueCodecProvider{}, DBRefCodecProvider{}, DBObjectCodecProvider{}, DocumentCodecProvider{}, CollectionCodecProvider{}, IterableCodecProvider{}, MapCodecProvider{}, GeoJsonCodecProvider{}, GridFSFileCodecProvider{}, Jsr310CodecProvider{}, JsonObjectCodecProvider{}, BsonCodecProvider{}, EnumCodecProvider{}, com.mongodb.client.model.mql.ExpressionCodecProvider@5b88b8e, com.mongodb.Jep395RecordCodecProvider@58253c57, com.mongodb.KotlinCodecProvider@b73433]}, loggerSettings=LoggerSettings{maxDocumentLength=1000}, clusterSettings={hosts=[127.0.0.1:27017], srvHost=cluster0.tuwr99s.mongodb.net, srvServiceName=mongodb, mode=MULTIPLE, requiredClusterType=REPLICA_SET, requiredReplicaSetName='atlas-wno0ut-shard-0', serverSelector='null', clusterListeners='[]', serverSelectionTimeout='30000 ms', localThreshold='15 ms'}, socketSettings=SocketSettings{connectTimeoutMS=10000, readTimeoutMS=0, receiveBufferSize=0, proxySettings=ProxySettings{host=null, port=null, username=null, password=null}}, heartbeatSocketSettings=SocketSettings{connectTimeoutMS=10000, readTimeoutMS=10000, receiveBufferSize=0, proxySettings=ProxySettings{host=null, port=null, username=null, password=null}}, connectionPoolSettings=ConnectionPoolSettings{maxSize=100, minSize=0, maxWaitTimeMS=120000, maxConnectionLifeTimeMS=0, maxConnectionIdleTimeMS=0, maintenanceInitialDelayMS=0, maintenanceFrequencyMS=60000, connectionPoolListeners=[], maxConnecting=2}, serverSettings=ServerSettings{heartbeatFrequencyMS=10000, minHeartbeatFrequencyMS=500, serverListeners='[]', serverMonitorListeners='[]'}, sslSettings=SslSettings{enabled=true, invalidHostNameAllowed=false, context=null}, applicationName='FiapCluster', compressorList=[], uuidRepresentation=JAVA_LEGACY, serverApi=null, autoEncryptionSettings=null, dnsClient=null, inetAddressResolver=null, contextProvider=null}
2025-10-05T18:10:52.586-03:00  INFO 23736 --- [esgames-endpoints] [cluster-ClusterId{value='68e2dedc24a38b4771b171dc', description='FiapCluster'}-srv-cluster0.tuwr99s.mongodb.net] org.mongodb.driver.cluster               : Adding discovered server ac-9wtmxkw-shard-00-00.tuwr99s.mongodb.net:27017 to client view of cluster
2025-10-05T18:10:52.590-03:00  INFO 23736 --- [esgames-endpoints] [cluster-ClusterId{value='68e2dedc24a38b4771b171dc', description='FiapCluster'}-srv-cluster0.tuwr99s.mongodb.net] org.mongodb.driver.cluster               : Adding discovered server ac-9wtmxkw-shard-00-02.tuwr99s.mongodb.net:27017 to client view of cluster
2025-10-05T18:10:53.160-03:00  INFO 23736 --- [esgames-endpoints] [cluster-ClusterId{value='68e2dedc24a38b4771b171dc', description='FiapCluster'}-ac-9wtmxkw-shard-00-01.tuwr99s.mongodb.net:27017] org.mongodb.driver.cluster               : Monitor thread successfully connected to server with description ServerDescription{address=ac-9wtmxkw-shard-00-01.tuwr99s.mongodb.net:27017, type=REPLICA_SET_PRIMARY, state=CONNECTED, ok=true, minWireVersion=0, maxWireVersion=25, maxDocumentSize=16777216, logicalSessionTimeoutMinutes=30, roundTripTimeNanos=354444000, setName='atlas-wno0ut-shard-0', canonicalAddress=ac-9wtmxkw-shard-00-01.tuwr99s.mongodb.net:27017, hosts=[ac-9wtmxkw-shard-00-02.tuwr99s.mongodb.net:27017, ac-9wtmxkw-shard-00-01.tuwr99s.mongodb.net:27017, ac-9wtmxkw-shard-00-00.tuwr99s.mongodb.net:27017], passives=[], arbiters=[], primary='ac-9wtmxkw-shard-00-01.tuwr99s.mongodb.net:27017', tagSet=TagSet{[Tag{name='availabilityZone', value='sae1-az3'}, Tag{name='diskState', value='READY'}, Tag{name='nodeType', value='ELECTABLE'}, Tag{name='provider', value='AWS'}, Tag{name='region', value='SA_EAST_1'}, Tag{name='workloadType', value='OPERATIONAL'}]}, electionId=7fffffff0000000000000076, setVersion=103, topologyVersion=TopologyVersion{processId=68de941661aafb1ff1a5975a, counter=6}, lastWriteDate=Sun Oct 05 18:10:58 BRT 2025, lastUpdateTimeNanos=16425998735199}
2025-10-05T18:10:53.160-03:00  INFO 23736 --- [esgames-endpoints] [cluster-ClusterId{value='68e2dedc24a38b4771b171dc', description='FiapCluster'}-ac-9wtmxkw-shard-00-02.tuwr99s.mongodb.net:27017] org.mongodb.driver.cluster               : Monitor thread successfully connected to server with description ServerDescription{address=ac-9wtmxkw-shard-00-02.tuwr99s.mongodb.net:27017, type=REPLICA_SET_SECONDARY, state=CONNECTED, ok=true, minWireVersion=0, maxWireVersion=25, maxDocumentSize=16777216, logicalSessionTimeoutMinutes=30, roundTripTimeNanos=354289500, setName='atlas-wno0ut-shard-0', canonicalAddress=ac-9wtmxkw-shard-00-02.tuwr99s.mongodb.net:27017, hosts=[ac-9wtmxkw-shard-00-02.tuwr99s.mongodb.net:27017, ac-9wtmxkw-shard-00-01.tuwr99s.mongodb.net:27017, ac-9wtmxkw-shard-00-00.tuwr99s.mongodb.net:27017], passives=[], arbiters=[], primary='ac-9wtmxkw-shard-00-01.tuwr99s.mongodb.net:27017', tagSet=TagSet{[Tag{name='availabilityZone', value='sae1-az2'}, Tag{name='diskState', value='READY'}, Tag{name='nodeType', value='ELECTABLE'}, Tag{name='provider', value='AWS'}, Tag{name='region', value='SA_EAST_1'}, Tag{name='workloadType', value='OPERATIONAL'}]}, electionId=null, setVersion=103, topologyVersion=TopologyVersion{processId=68de9444b2cd66659f983404, counter=3}, lastWriteDate=Sun Oct 05 18:10:58 BRT 2025, lastUpdateTimeNanos=16425998735300}
2025-10-05T18:10:53.161-03:00  INFO 23736 --- [esgames-endpoints] [cluster-ClusterId{value='68e2dedc24a38b4771b171dc', description='FiapCluster'}-ac-9wtmxkw-shard-00-00.tuwr99s.mongodb.net:27017] org.mongodb.driver.cluster               : Monitor thread successfully connected to server with description ServerDescription{address=ac-9wtmxkw-shard-00-00.tuwr99s.mongodb.net:27017, type=REPLICA_SET_SECONDARY, state=CONNECTED, ok=true, minWireVersion=0, maxWireVersion=25, maxDocumentSize=16777216, logicalSessionTimeoutMinutes=30, roundTripTimeNanos=354457099, setName='atlas-wno0ut-shard-0', canonicalAddress=ac-9wtmxkw-shard-00-00.tuwr99s.mongodb.net:27017, hosts=[ac-9wtmxkw-shard-00-02.tuwr99s.mongodb.net:27017, ac-9wtmxkw-shard-00-01.tuwr99s.mongodb.net:27017, ac-9wtmxkw-shard-00-00.tuwr99s.mongodb.net:27017], passives=[], arbiters=[], primary='ac-9wtmxkw-shard-00-01.tuwr99s.mongodb.net:27017', tagSet=TagSet{[Tag{name='availabilityZone', value='sae1-az1'}, Tag{name='diskState', value='READY'}, Tag{name='nodeType', value='ELECTABLE'}, Tag{name='provider', value='AWS'}, Tag{name='region', value='SA_EAST_1'}, Tag{name='workloadType', value='OPERATIONAL'}]}, electionId=null, setVersion=103, topologyVersion=TopologyVersion{processId=68de93e73e0934d8621e70a0, counter=4}, lastWriteDate=Sun Oct 05 18:10:58 BRT 2025, lastUpdateTimeNanos=16425998733800}
2025-10-05T18:10:53.165-03:00  INFO 23736 --- [esgames-endpoints] [cluster-ClusterId{value='68e2dedc24a38b4771b171dc', description='FiapCluster'}-ac-9wtmxkw-shard-00-01.tuwr99s.mongodb.net:27017] org.mongodb.driver.cluster               : Discovered replica set primary ac-9wtmxkw-shard-00-01.tuwr99s.mongodb.net:27017 with max election id 7fffffff0000000000000076 and max set version 103
2025-10-05T18:10:53.267-03:00  INFO 23736 --- [esgames-endpoints] [main] r$InitializeUserDetailsManagerConfigurer : Global AuthenticationManager configured with UserDetailsService bean with name authorizationService
2025-10-05T18:10:53.778-03:00  INFO 23736 --- [esgames-endpoints] [main] o.s.b.w.embedded.tomcat.TomcatWebServer  : Tomcat started on port 8080 (http) with context path '/api'
2025-10-05T18:10:53.784-03:00  INFO 23736 --- [esgames-endpoints] [main] b.c.f.e.EsgamesEndpointsApplication      : Started EsgamesEndpointsApplication in 3.435 seconds (process running for 3.824)
2025-10-05T18:11:47.438-03:00  INFO 23736 --- [esgames-endpoints] [http-nio-0.0.0.0-8080-exec-2] o.a.c.c.C.[Tomcat].[localhost].[/api]    : Initializing Spring DispatcherServlet 'dispatcherServlet'
2025-10-05T18:11:47.438-03:00  INFO 23736 --- [esgames-endpoints] [http-nio-0.0.0.0-8080-exec-2] o.s.web.servlet.DispatcherServlet        : Initializing Servlet 'dispatcherServlet'
2025-10-05T18:11:47.440-03:00  INFO 23736 --- [esgames-endpoints] [http-nio-0.0.0.0-8080-exec-2] o.s.web.servlet.DispatcherServlet        : Completed initialization in 2 ms
2025-10-05T18:14:35.808-03:00  INFO 5148 --- [esgames-endpoints] [main] b.c.f.e.EsgamesEndpointsApplication      : Starting EsgamesEndpointsApplication using Java 21.0.8 with PID 5148 (C:\Users\Gabi\IdeaProjects\ESGGAMES-ENDPOINTS\target\classes started by Gabi in C:\Users\Gabi\IdeaProjects\ESGGAMES-ENDPOINTS)
2025-10-05T18:14:35.810-03:00  INFO 5148 --- [esgames-endpoints] [main] b.c.f.e.EsgamesEndpointsApplication      : No active profile set, falling back to 1 default profile: "default"
2025-10-05T18:14:36.482-03:00  INFO 5148 --- [esgames-endpoints] [main] .s.d.r.c.RepositoryConfigurationDelegate : Bootstrapping Spring Data MongoDB repositories in DEFAULT mode.
2025-10-05T18:14:36.551-03:00  INFO 5148 --- [esgames-endpoints] [main] .s.d.r.c.RepositoryConfigurationDelegate : Finished Spring Data repository scanning in 65 ms. Found 4 MongoDB repository interfaces.
2025-10-05T18:14:37.041-03:00  INFO 5148 --- [esgames-endpoints] [main] o.s.b.w.embedded.tomcat.TomcatWebServer  : Tomcat initialized with port 8080 (http)
2025-10-05T18:14:37.056-03:00  INFO 5148 --- [esgames-endpoints] [main] o.apache.catalina.core.StandardService   : Starting service [Tomcat]
2025-10-05T18:14:37.057-03:00  INFO 5148 --- [esgames-endpoints] [main] o.apache.catalina.core.StandardEngine    : Starting Servlet engine: [Apache Tomcat/10.1.30]
2025-10-05T18:14:37.105-03:00  INFO 5148 --- [esgames-endpoints] [main] o.a.c.c.C.[Tomcat].[localhost].[/api]    : Initializing Spring embedded WebApplicationContext
2025-10-05T18:14:37.106-03:00  INFO 5148 --- [esgames-endpoints] [main] w.s.c.ServletWebServerApplicationContext : Root WebApplicationContext: initialization completed in 1248 ms
2025-10-05T18:14:37.276-03:00  INFO 5148 --- [esgames-endpoints] [main] org.mongodb.driver.client                : MongoClient with metadata {"application": {"name": "FiapCluster"}, "driver": {"name": "mongo-java-driver|sync|spring-boot", "version": "5.0.1"}, "os": {"type": "Windows", "name": "Windows 11", "architecture": "amd64", "version": "10.0"}, "platform": "Java/Eclipse Adoptium/21.0.8+9-LTS"} created with settings MongoClientSettings{readPreference=primary, writeConcern=WriteConcern{w=majority, wTimeout=null ms, journal=null}, retryWrites=true, retryReads=true, readConcern=ReadConcern{level=null}, credential=MongoCredential{mechanism=null, userName='gabimay', source='admin', password=<hidden>, mechanismProperties=<hidden>}, transportSettings=null, commandListeners=[], codecRegistry=ProvidersCodecRegistry{codecProviders=[ValueCodecProvider{}, BsonValueCodecProvider{}, DBRefCodecProvider{}, DBObjectCodecProvider{}, DocumentCodecProvider{}, CollectionCodecProvider{}, IterableCodecProvider{}, MapCodecProvider{}, GeoJsonCodecProvider{}, GridFSFileCodecProvider{}, Jsr310CodecProvider{}, JsonObjectCodecProvider{}, BsonCodecProvider{}, EnumCodecProvider{}, com.mongodb.client.model.mql.ExpressionCodecProvider@7134b8a7, com.mongodb.Jep395RecordCodecProvider@2262d6d5, com.mongodb.KotlinCodecProvider@40de8f93]}, loggerSettings=LoggerSettings{maxDocumentLength=1000}, clusterSettings={hosts=[127.0.0.1:27017], srvHost=cluster0.tuwr99s.mongodb.net, srvServiceName=mongodb, mode=MULTIPLE, requiredClusterType=REPLICA_SET, requiredReplicaSetName='atlas-wno0ut-shard-0', serverSelector='null', clusterListeners='[]', serverSelectionTimeout='30000 ms', localThreshold='15 ms'}, socketSettings=SocketSettings{connectTimeoutMS=10000, readTimeoutMS=0, receiveBufferSize=0, proxySettings=ProxySettings{host=null, port=null, username=null, password=null}}, heartbeatSocketSettings=SocketSettings{connectTimeoutMS=10000, readTimeoutMS=10000, receiveBufferSize=0, proxySettings=ProxySettings{host=null, port=null, username=null, password=null}}, connectionPoolSettings=ConnectionPoolSettings{maxSize=100, minSize=0, maxWaitTimeMS=120000, maxConnectionLifeTimeMS=0, maxConnectionIdleTimeMS=0, maintenanceInitialDelayMS=0, maintenanceFrequencyMS=60000, connectionPoolListeners=[], maxConnecting=2}, serverSettings=ServerSettings{heartbeatFrequencyMS=10000, minHeartbeatFrequencyMS=500, serverListeners='[]', serverMonitorListeners='[]'}, sslSettings=SslSettings{enabled=true, invalidHostNameAllowed=false, context=null}, applicationName='FiapCluster', compressorList=[], uuidRepresentation=JAVA_LEGACY, serverApi=null, autoEncryptionSettings=null, dnsClient=null, inetAddressResolver=null, contextProvider=null}
2025-10-05T18:14:37.294-03:00  INFO 5148 --- [esgames-endpoints] [cluster-ClusterId{value='68e2dfbdbd1c367f352f23ea', description='FiapCluster'}-srv-cluster0.tuwr99s.mongodb.net] org.mongodb.driver.cluster               : Adding discovered server ac-9wtmxkw-shard-00-01.tuwr99s.mongodb.net:27017 to client view of cluster
2025-10-05T18:14:37.336-03:00  INFO 5148 --- [esgames-endpoints] [cluster-ClusterId{value='68e2dfbdbd1c367f352f23ea', description='FiapCluster'}-srv-cluster0.tuwr99s.mongodb.net] org.mongodb.driver.cluster               : Adding discovered server ac-9wtmxkw-shard-00-00.tuwr99s.mongodb.net:27017 to client view of cluster
2025-10-05T18:14:37.340-03:00  INFO 5148 --- [esgames-endpoints] [cluster-ClusterId{value='68e2dfbdbd1c367f352f23ea', description='FiapCluster'}-srv-cluster0.tuwr99s.mongodb.net] org.mongodb.driver.cluster               : Adding discovered server ac-9wtmxkw-shard-00-02.tuwr99s.mongodb.net:27017 to client view of cluster
2025-10-05T18:14:37.833-03:00  INFO 5148 --- [esgames-endpoints] [main] r$InitializeUserDetailsManagerConfigurer : Global AuthenticationManager configured with UserDetailsService bean with name authorizationService
2025-10-05T18:14:38.235-03:00  INFO 5148 --- [esgames-endpoints] [cluster-ClusterId{value='68e2dfbdbd1c367f352f23ea', description='FiapCluster'}-ac-9wtmxkw-shard-00-02.tuwr99s.mongodb.net:27017] org.mongodb.driver.cluster               : Monitor thread successfully connected to server with description ServerDescription{address=ac-9wtmxkw-shard-00-02.tuwr99s.mongodb.net:27017, type=REPLICA_SET_SECONDARY, state=CONNECTED, ok=true, minWireVersion=0, maxWireVersion=25, maxDocumentSize=16777216, logicalSessionTimeoutMinutes=30, roundTripTimeNanos=416252199, setName='atlas-wno0ut-shard-0', canonicalAddress=ac-9wtmxkw-shard-00-02.tuwr99s.mongodb.net:27017, hosts=[ac-9wtmxkw-shard-00-02.tuwr99s.mongodb.net:27017, ac-9wtmxkw-shard-00-01.tuwr99s.mongodb.net:27017, ac-9wtmxkw-shard-00-00.tuwr99s.mongodb.net:27017], passives=[], arbiters=[], primary='ac-9wtmxkw-shard-00-01.tuwr99s.mongodb.net:27017', tagSet=TagSet{[Tag{name='availabilityZone', value='sae1-az2'}, Tag{name='diskState', value='READY'}, Tag{name='nodeType', value='ELECTABLE'}, Tag{name='provider', value='AWS'}, Tag{name='region', value='SA_EAST_1'}, Tag{name='workloadType', value='OPERATIONAL'}]}, electionId=null, setVersion=103, topologyVersion=TopologyVersion{processId=68de9444b2cd66659f983404, counter=3}, lastWriteDate=Sun Oct 05 18:14:46 BRT 2025, lastUpdateTimeNanos=16651074648300}
2025-10-05T18:14:38.235-03:00  INFO 5148 --- [esgames-endpoints] [cluster-ClusterId{value='68e2dfbdbd1c367f352f23ea', description='FiapCluster'}-ac-9wtmxkw-shard-00-00.tuwr99s.mongodb.net:27017] org.mongodb.driver.cluster               : Monitor thread successfully connected to server with description ServerDescription{address=ac-9wtmxkw-shard-00-00.tuwr99s.mongodb.net:27017, type=REPLICA_SET_SECONDARY, state=CONNECTED, ok=true, minWireVersion=0, maxWireVersion=25, maxDocumentSize=16777216, logicalSessionTimeoutMinutes=30, roundTripTimeNanos=325733700, setName='atlas-wno0ut-shard-0', canonicalAddress=ac-9wtmxkw-shard-00-00.tuwr99s.mongodb.net:27017, hosts=[ac-9wtmxkw-shard-00-02.tuwr99s.mongodb.net:27017, ac-9wtmxkw-shard-00-01.tuwr99s.mongodb.net:27017, ac-9wtmxkw-shard-00-00.tuwr99s.mongodb.net:27017], passives=[], arbiters=[], primary='ac-9wtmxkw-shard-00-01.tuwr99s.mongodb.net:27017', tagSet=TagSet{[Tag{name='availabilityZone', value='sae1-az1'}, Tag{name='diskState', value='READY'}, Tag{name='nodeType', value='ELECTABLE'}, Tag{name='provider', value='AWS'}, Tag{name='region', value='SA_EAST_1'}, Tag{name='workloadType', value='OPERATIONAL'}]}, electionId=null, setVersion=103, topologyVersion=TopologyVersion{processId=68de93e73e0934d8621e70a0, counter=4}, lastWriteDate=Sun Oct 05 18:14:46 BRT 2025, lastUpdateTimeNanos=16651074648300}
2025-10-05T18:14:38.235-03:00  INFO 5148 --- [esgames-endpoints] [cluster-ClusterId{value='68e2dfbdbd1c367f352f23ea', description='FiapCluster'}-ac-9wtmxkw-shard-00-01.tuwr99s.mongodb.net:27017] org.mongodb.driver.cluster               : Monitor thread successfully connected to server with description ServerDescription{address=ac-9wtmxkw-shard-00-01.tuwr99s.mongodb.net:27017, type=REPLICA_SET_PRIMARY, state=CONNECTED, ok=true, minWireVersion=0, maxWireVersion=25, maxDocumentSize=16777216, logicalSessionTimeoutMinutes=30, roundTripTimeNanos=416810400, setName='atlas-wno0ut-shard-0', canonicalAddress=ac-9wtmxkw-shard-00-01.tuwr99s.mongodb.net:27017, hosts=[ac-9wtmxkw-shard-00-02.tuwr99s.mongodb.net:27017, ac-9wtmxkw-shard-00-01.tuwr99s.mongodb.net:27017, ac-9wtmxkw-shard-00-00.tuwr99s.mongodb.net:27017], passives=[], arbiters=[], primary='ac-9wtmxkw-shard-00-01.tuwr99s.mongodb.net:27017', tagSet=TagSet{[Tag{name='availabilityZone', value='sae1-az3'}, Tag{name='diskState', value='READY'}, Tag{name='nodeType', value='ELECTABLE'}, Tag{name='provider', value='AWS'}, Tag{name='region', value='SA_EAST_1'}, Tag{name='workloadType', value='OPERATIONAL'}]}, electionId=7fffffff0000000000000076, setVersion=103, topologyVersion=TopologyVersion{processId=68de941661aafb1ff1a5975a, counter=6}, lastWriteDate=Sun Oct 05 18:14:46 BRT 2025, lastUpdateTimeNanos=16651074648599}
2025-10-05T18:14:38.239-03:00  INFO 5148 --- [esgames-endpoints] [cluster-ClusterId{value='68e2dfbdbd1c367f352f23ea', description='FiapCluster'}-ac-9wtmxkw-shard-00-01.tuwr99s.mongodb.net:27017] org.mongodb.driver.cluster               : Discovered replica set primary ac-9wtmxkw-shard-00-01.tuwr99s.mongodb.net:27017 with max election id 7fffffff0000000000000076 and max set version 103
2025-10-05T18:14:38.354-03:00  INFO 5148 --- [esgames-endpoints] [main] o.s.b.w.embedded.tomcat.TomcatWebServer  : Tomcat started on port 8080 (http) with context path '/api'
2025-10-05T18:14:38.361-03:00  INFO 5148 --- [esgames-endpoints] [main] b.c.f.e.EsgamesEndpointsApplication      : Started EsgamesEndpointsApplication in 2.962 seconds (process running for 3.304)
2025-10-05T18:14:44.962-03:00  INFO 5148 --- [esgames-endpoints] [http-nio-0.0.0.0-8080-exec-1] o.a.c.c.C.[Tomcat].[localhost].[/api]    : Initializing Spring DispatcherServlet 'dispatcherServlet'
2025-10-05T18:14:44.963-03:00  INFO 5148 --- [esgames-endpoints] [http-nio-0.0.0.0-8080-exec-1] o.s.web.servlet.DispatcherServlet        : Initializing Servlet 'dispatcherServlet'
2025-10-05T18:14:44.964-03:00  INFO 5148 --- [esgames-endpoints] [http-nio-0.0.0.0-8080-exec-1] o.s.web.servlet.DispatcherServlet        : Completed initialization in 1 ms
2025-10-05T18:17:29.302-03:00  INFO 25124 --- [esgames-endpoints] [main] b.c.f.e.EsgamesEndpointsApplication      : Starting EsgamesEndpointsApplication using Java 21.0.8 with PID 25124 (C:\Users\Gabi\IdeaProjects\ESGGAMES-ENDPOINTS\target\classes started by Gabi in C:\Users\Gabi\IdeaProjects\ESGGAMES-ENDPOINTS)
2025-10-05T18:17:29.304-03:00  INFO 25124 --- [esgames-endpoints] [main] b.c.f.e.EsgamesEndpointsApplication      : No active profile set, falling back to 1 default profile: "default"
2025-10-05T18:17:30.063-03:00  INFO 25124 --- [esgames-endpoints] [main] .s.d.r.c.RepositoryConfigurationDelegate : Bootstrapping Spring Data MongoDB repositories in DEFAULT mode.
2025-10-05T18:17:30.144-03:00  INFO 25124 --- [esgames-endpoints] [main] .s.d.r.c.RepositoryConfigurationDelegate : Finished Spring Data repository scanning in 73 ms. Found 4 MongoDB repository interfaces.
2025-10-05T18:17:30.771-03:00  INFO 25124 --- [esgames-endpoints] [main] o.s.b.w.embedded.tomcat.TomcatWebServer  : Tomcat initialized with port 8080 (http)
2025-10-05T18:17:30.786-03:00  INFO 25124 --- [esgames-endpoints] [main] o.apache.catalina.core.StandardService   : Starting service [Tomcat]
2025-10-05T18:17:30.786-03:00  INFO 25124 --- [esgames-endpoints] [main] o.apache.catalina.core.StandardEngine    : Starting Servlet engine: [Apache Tomcat/10.1.30]
2025-10-05T18:17:30.834-03:00  INFO 25124 --- [esgames-endpoints] [main] o.a.c.c.C.[Tomcat].[localhost].[/api]    : Initializing Spring embedded WebApplicationContext
2025-10-05T18:17:30.834-03:00  INFO 25124 --- [esgames-endpoints] [main] w.s.c.ServletWebServerApplicationContext : Root WebApplicationContext: initialization completed in 1483 ms
2025-10-05T18:17:30.987-03:00  INFO 25124 --- [esgames-endpoints] [cluster-ClusterId{value='68e2e06aa201070adc0dc54d', description='FiapCluster'}-srv-cluster0.tuwr99s.mongodb.net] org.mongodb.driver.cluster               : Adding discovered server ac-9wtmxkw-shard-00-01.tuwr99s.mongodb.net:27017 to client view of cluster
2025-10-05T18:17:31.021-03:00  INFO 25124 --- [esgames-endpoints] [main] org.mongodb.driver.client                : MongoClient with metadata {"application": {"name": "FiapCluster"}, "driver": {"name": "mongo-java-driver|sync|spring-boot", "version": "5.0.1"}, "os": {"type": "Windows", "name": "Windows 11", "architecture": "amd64", "version": "10.0"}, "platform": "Java/Eclipse Adoptium/21.0.8+9-LTS"} created with settings MongoClientSettings{readPreference=primary, writeConcern=WriteConcern{w=majority, wTimeout=null ms, journal=null}, retryWrites=true, retryReads=true, readConcern=ReadConcern{level=null}, credential=MongoCredential{mechanism=null, userName='gabimay', source='admin', password=<hidden>, mechanismProperties=<hidden>}, transportSettings=null, commandListeners=[], codecRegistry=ProvidersCodecRegistry{codecProviders=[ValueCodecProvider{}, BsonValueCodecProvider{}, DBRefCodecProvider{}, DBObjectCodecProvider{}, DocumentCodecProvider{}, CollectionCodecProvider{}, IterableCodecProvider{}, MapCodecProvider{}, GeoJsonCodecProvider{}, GridFSFileCodecProvider{}, Jsr310CodecProvider{}, JsonObjectCodecProvider{}, BsonCodecProvider{}, EnumCodecProvider{}, com.mongodb.client.model.mql.ExpressionCodecProvider@17b37e9a, com.mongodb.Jep395RecordCodecProvider@6bcb12e6, com.mongodb.KotlinCodecProvider@111d5c97]}, loggerSettings=LoggerSettings{maxDocumentLength=1000}, clusterSettings={hosts=[127.0.0.1:27017], srvHost=cluster0.tuwr99s.mongodb.net, srvServiceName=mongodb, mode=MULTIPLE, requiredClusterType=REPLICA_SET, requiredReplicaSetName='atlas-wno0ut-shard-0', serverSelector='null', clusterListeners='[]', serverSelectionTimeout='30000 ms', localThreshold='15 ms'}, socketSettings=SocketSettings{connectTimeoutMS=10000, readTimeoutMS=0, receiveBufferSize=0, proxySettings=ProxySettings{host=null, port=null, username=null, password=null}}, heartbeatSocketSettings=SocketSettings{connectTimeoutMS=10000, readTimeoutMS=10000, receiveBufferSize=0, proxySettings=ProxySettings{host=null, port=null, username=null, password=null}}, connectionPoolSettings=ConnectionPoolSettings{maxSize=100, minSize=0, maxWaitTimeMS=120000, maxConnectionLifeTimeMS=0, maxConnectionIdleTimeMS=0, maintenanceInitialDelayMS=0, maintenanceFrequencyMS=60000, connectionPoolListeners=[], maxConnecting=2}, serverSettings=ServerSettings{heartbeatFrequencyMS=10000, minHeartbeatFrequencyMS=500, serverListeners='[]', serverMonitorListeners='[]'}, sslSettings=SslSettings{enabled=true, invalidHostNameAllowed=false, context=null}, applicationName='FiapCluster', compressorList=[], uuidRepresentation=JAVA_LEGACY, serverApi=null, autoEncryptionSettings=null, dnsClient=null, inetAddressResolver=null, contextProvider=null}
2025-10-05T18:17:31.037-03:00  INFO 25124 --- [esgames-endpoints] [cluster-ClusterId{value='68e2e06aa201070adc0dc54d', description='FiapCluster'}-srv-cluster0.tuwr99s.mongodb.net] org.mongodb.driver.cluster               : Adding discovered server ac-9wtmxkw-shard-00-00.tuwr99s.mongodb.net:27017 to client view of cluster
2025-10-05T18:17:31.041-03:00  INFO 25124 --- [esgames-endpoints] [cluster-ClusterId{value='68e2e06aa201070adc0dc54d', description='FiapCluster'}-srv-cluster0.tuwr99s.mongodb.net] org.mongodb.driver.cluster               : Adding discovered server ac-9wtmxkw-shard-00-02.tuwr99s.mongodb.net:27017 to client view of cluster
2025-10-05T18:17:31.556-03:00  INFO 25124 --- [esgames-endpoints] [cluster-ClusterId{value='68e2e06aa201070adc0dc54d', description='FiapCluster'}-ac-9wtmxkw-shard-00-01.tuwr99s.mongodb.net:27017] org.mongodb.driver.cluster               : Monitor thread successfully connected to server with description ServerDescription{address=ac-9wtmxkw-shard-00-01.tuwr99s.mongodb.net:27017, type=REPLICA_SET_PRIMARY, state=CONNECTED, ok=true, minWireVersion=0, maxWireVersion=25, maxDocumentSize=16777216, logicalSessionTimeoutMinutes=30, roundTripTimeNanos=324225601, setName='atlas-wno0ut-shard-0', canonicalAddress=ac-9wtmxkw-shard-00-01.tuwr99s.mongodb.net:27017, hosts=[ac-9wtmxkw-shard-00-02.tuwr99s.mongodb.net:27017, ac-9wtmxkw-shard-00-01.tuwr99s.mongodb.net:27017, ac-9wtmxkw-shard-00-00.tuwr99s.mongodb.net:27017], passives=[], arbiters=[], primary='ac-9wtmxkw-shard-00-01.tuwr99s.mongodb.net:27017', tagSet=TagSet{[Tag{name='availabilityZone', value='sae1-az3'}, Tag{name='diskState', value='READY'}, Tag{name='nodeType', value='ELECTABLE'}, Tag{name='provider', value='AWS'}, Tag{name='region', value='SA_EAST_1'}, Tag{name='workloadType', value='OPERATIONAL'}]}, electionId=7fffffff0000000000000076, setVersion=103, topologyVersion=TopologyVersion{processId=68de941661aafb1ff1a5975a, counter=6}, lastWriteDate=Sun Oct 05 18:17:41 BRT 2025, lastUpdateTimeNanos=16824395220100}
2025-10-05T18:17:31.557-03:00  INFO 25124 --- [esgames-endpoints] [cluster-ClusterId{value='68e2e06aa201070adc0dc54d', description='FiapCluster'}-ac-9wtmxkw-shard-00-02.tuwr99s.mongodb.net:27017] org.mongodb.driver.cluster               : Monitor thread successfully connected to server with description ServerDescription{address=ac-9wtmxkw-shard-00-02.tuwr99s.mongodb.net:27017, type=REPLICA_SET_SECONDARY, state=CONNECTED, ok=true, minWireVersion=0, maxWireVersion=25, maxDocumentSize=16777216, logicalSessionTimeoutMinutes=30, roundTripTimeNanos=323877400, setName='atlas-wno0ut-shard-0', canonicalAddress=ac-9wtmxkw-shard-00-02.tuwr99s.mongodb.net:27017, hosts=[ac-9wtmxkw-shard-00-02.tuwr99s.mongodb.net:27017, ac-9wtmxkw-shard-00-01.tuwr99s.mongodb.net:27017, ac-9wtmxkw-shard-00-00.tuwr99s.mongodb.net:27017], passives=[], arbiters=[], primary='ac-9wtmxkw-shard-00-01.tuwr99s.mongodb.net:27017', tagSet=TagSet{[Tag{name='availabilityZone', value='sae1-az2'}, Tag{name='diskState', value='READY'}, Tag{name='nodeType', value='ELECTABLE'}, Tag{name='provider', value='AWS'}, Tag{name='region', value='SA_EAST_1'}, Tag{name='workloadType', value='OPERATIONAL'}]}, electionId=null, setVersion=103, topologyVersion=TopologyVersion{processId=68de9444b2cd66659f983404, counter=3}, lastWriteDate=Sun Oct 05 18:17:41 BRT 2025, lastUpdateTimeNanos=16824395221500}
2025-10-05T18:17:31.557-03:00  INFO 25124 --- [esgames-endpoints] [cluster-ClusterId{value='68e2e06aa201070adc0dc54d', description='FiapCluster'}-ac-9wtmxkw-shard-00-00.tuwr99s.mongodb.net:27017] org.mongodb.driver.cluster               : Monitor thread successfully connected to server with description ServerDescription{address=ac-9wtmxkw-shard-00-00.tuwr99s.mongodb.net:27017, type=REPLICA_SET_SECONDARY, state=CONNECTED, ok=true, minWireVersion=0, maxWireVersion=25, maxDocumentSize=16777216, logicalSessionTimeoutMinutes=30, roundTripTimeNanos=324227500, setName='atlas-wno0ut-shard-0', canonicalAddress=ac-9wtmxkw-shard-00-00.tuwr99s.mongodb.net:27017, hosts=[ac-9wtmxkw-shard-00-02.tuwr99s.mongodb.net:27017, ac-9wtmxkw-shard-00-01.tuwr99s.mongodb.net:27017, ac-9wtmxkw-shard-00-00.tuwr99s.mongodb.net:27017], passives=[], arbiters=[], primary='ac-9wtmxkw-shard-00-01.tuwr99s.mongodb.net:27017', tagSet=TagSet{[Tag{name='availabilityZone', value='sae1-az1'}, Tag{name='diskState', value='READY'}, Tag{name='nodeType', value='ELECTABLE'}, Tag{name='provider', value='AWS'}, Tag{name='region', value='SA_EAST_1'}, Tag{name='workloadType', value='OPERATIONAL'}]}, electionId=null, setVersion=103, topologyVersion=TopologyVersion{processId=68de93e73e0934d8621e70a0, counter=4}, lastWriteDate=Sun Oct 05 18:17:41 BRT 2025, lastUpdateTimeNanos=16824395221300}
2025-10-05T18:17:31.563-03:00  INFO 25124 --- [esgames-endpoints] [cluster-ClusterId{value='68e2e06aa201070adc0dc54d', description='FiapCluster'}-ac-9wtmxkw-shard-00-01.tuwr99s.mongodb.net:27017] org.mongodb.driver.cluster               : Discovered replica set primary ac-9wtmxkw-shard-00-01.tuwr99s.mongodb.net:27017 with max election id 7fffffff0000000000000076 and max set version 103
2025-10-05T18:17:31.609-03:00  INFO 25124 --- [esgames-endpoints] [main] r$InitializeUserDetailsManagerConfigurer : Global AuthenticationManager configured with UserDetailsService bean with name authorizationService
2025-10-05T18:17:32.153-03:00  INFO 25124 --- [esgames-endpoints] [main] o.s.b.w.embedded.tomcat.TomcatWebServer  : Tomcat started on port 8080 (http) with context path '/api'
2025-10-05T18:17:32.161-03:00  INFO 25124 --- [esgames-endpoints] [main] b.c.f.e.EsgamesEndpointsApplication      : Started EsgamesEndpointsApplication in 3.281 seconds (process running for 3.632)
2025-10-05T18:17:35.229-03:00  INFO 25124 --- [esgames-endpoints] [http-nio-0.0.0.0-8080-exec-5] o.a.c.c.C.[Tomcat].[localhost].[/api]    : Initializing Spring DispatcherServlet 'dispatcherServlet'
2025-10-05T18:17:35.229-03:00  INFO 25124 --- [esgames-endpoints] [http-nio-0.0.0.0-8080-exec-5] o.s.web.servlet.DispatcherServlet        : Initializing Servlet 'dispatcherServlet'
2025-10-05T18:17:35.231-03:00  INFO 25124 --- [esgames-endpoints] [http-nio-0.0.0.0-8080-exec-5] o.s.web.servlet.DispatcherServlet        : Completed initialization in 2 ms
2025-10-05T18:19:01.650-03:00  INFO 10140 --- [esgames-endpoints] [main] b.c.f.e.EsgamesEndpointsApplication      : Starting EsgamesEndpointsApplication using Java 21.0.8 with PID 10140 (C:\Users\Gabi\IdeaProjects\ESGGAMES-ENDPOINTS\target\classes started by Gabi in C:\Users\Gabi\IdeaProjects\ESGGAMES-ENDPOINTS)
2025-10-05T18:19:01.653-03:00  INFO 10140 --- [esgames-endpoints] [main] b.c.f.e.EsgamesEndpointsApplication      : No active profile set, falling back to 1 default profile: "default"
2025-10-05T18:19:02.373-03:00  INFO 10140 --- [esgames-endpoints] [main] .s.d.r.c.RepositoryConfigurationDelegate : Bootstrapping Spring Data MongoDB repositories in DEFAULT mode.
2025-10-05T18:19:02.443-03:00  INFO 10140 --- [esgames-endpoints] [main] .s.d.r.c.RepositoryConfigurationDelegate : Finished Spring Data repository scanning in 64 ms. Found 4 MongoDB repository interfaces.
2025-10-05T18:19:03.047-03:00  INFO 10140 --- [esgames-endpoints] [main] o.s.b.w.embedded.tomcat.TomcatWebServer  : Tomcat initialized with port 8080 (http)
2025-10-05T18:19:03.062-03:00  INFO 10140 --- [esgames-endpoints] [main] o.apache.catalina.core.StandardService   : Starting service [Tomcat]
2025-10-05T18:19:03.062-03:00  INFO 10140 --- [esgames-endpoints] [main] o.apache.catalina.core.StandardEngine    : Starting Servlet engine: [Apache Tomcat/10.1.30]
2025-10-05T18:19:03.114-03:00  INFO 10140 --- [esgames-endpoints] [main] o.a.c.c.C.[Tomcat].[localhost].[/api]    : Initializing Spring embedded WebApplicationContext
2025-10-05T18:19:03.114-03:00  INFO 10140 --- [esgames-endpoints] [main] w.s.c.ServletWebServerApplicationContext : Root WebApplicationContext: initialization completed in 1418 ms
2025-10-05T18:19:03.274-03:00  INFO 10140 --- [esgames-endpoints] [cluster-ClusterId{value='68e2e0c7f6b434798554825a', description='FiapCluster'}-srv-cluster0.tuwr99s.mongodb.net] org.mongodb.driver.cluster               : Adding discovered server ac-9wtmxkw-shard-00-01.tuwr99s.mongodb.net:27017 to client view of cluster
2025-10-05T18:19:03.301-03:00  INFO 10140 --- [esgames-endpoints] [main] org.mongodb.driver.client                : MongoClient with metadata {"application": {"name": "FiapCluster"}, "driver": {"name": "mongo-java-driver|sync|spring-boot", "version": "5.0.1"}, "os": {"type": "Windows", "name": "Windows 11", "architecture": "amd64", "version": "10.0"}, "platform": "Java/Eclipse Adoptium/21.0.8+9-LTS"} created with settings MongoClientSettings{readPreference=primary, writeConcern=WriteConcern{w=majority, wTimeout=null ms, journal=null}, retryWrites=true, retryReads=true, readConcern=ReadConcern{level=null}, credential=MongoCredential{mechanism=null, userName='gabimay', source='admin', password=<hidden>, mechanismProperties=<hidden>}, transportSettings=null, commandListeners=[], codecRegistry=ProvidersCodecRegistry{codecProviders=[ValueCodecProvider{}, BsonValueCodecProvider{}, DBRefCodecProvider{}, DBObjectCodecProvider{}, DocumentCodecProvider{}, CollectionCodecProvider{}, IterableCodecProvider{}, MapCodecProvider{}, GeoJsonCodecProvider{}, GridFSFileCodecProvider{}, Jsr310CodecProvider{}, JsonObjectCodecProvider{}, BsonCodecProvider{}, EnumCodecProvider{}, com.mongodb.client.model.mql.ExpressionCodecProvider@3e1fd62b, com.mongodb.Jep395RecordCodecProvider@7112ce6, com.mongodb.KotlinCodecProvider@558b4942]}, loggerSettings=LoggerSettings{maxDocumentLength=1000}, clusterSettings={hosts=[127.0.0.1:27017], srvHost=cluster0.tuwr99s.mongodb.net, srvServiceName=mongodb, mode=MULTIPLE, requiredClusterType=REPLICA_SET, requiredReplicaSetName='atlas-wno0ut-shard-0', serverSelector='null', clusterListeners='[]', serverSelectionTimeout='30000 ms', localThreshold='15 ms'}, socketSettings=SocketSettings{connectTimeoutMS=10000, readTimeoutMS=0, receiveBufferSize=0, proxySettings=ProxySettings{host=null, port=null, username=null, password=null}}, heartbeatSocketSettings=SocketSettings{connectTimeoutMS=10000, readTimeoutMS=10000, receiveBufferSize=0, proxySettings=ProxySettings{host=null, port=null, username=null, password=null}}, connectionPoolSettings=ConnectionPoolSettings{maxSize=100, minSize=0, maxWaitTimeMS=120000, maxConnectionLifeTimeMS=0, maxConnectionIdleTimeMS=0, maintenanceInitialDelayMS=0, maintenanceFrequencyMS=60000, connectionPoolListeners=[], maxConnecting=2}, serverSettings=ServerSettings{heartbeatFrequencyMS=10000, minHeartbeatFrequencyMS=500, serverListeners='[]', serverMonitorListeners='[]'}, sslSettings=SslSettings{enabled=true, invalidHostNameAllowed=false, context=null}, applicationName='FiapCluster', compressorList=[], uuidRepresentation=JAVA_LEGACY, serverApi=null, autoEncryptionSettings=null, dnsClient=null, inetAddressResolver=null, contextProvider=null}
2025-10-05T18:19:03.310-03:00  INFO 10140 --- [esgames-endpoints] [cluster-ClusterId{value='68e2e0c7f6b434798554825a', description='FiapCluster'}-srv-cluster0.tuwr99s.mongodb.net] org.mongodb.driver.cluster               : Adding discovered server ac-9wtmxkw-shard-00-00.tuwr99s.mongodb.net:27017 to client view of cluster
2025-10-05T18:19:03.313-03:00  INFO 10140 --- [esgames-endpoints] [cluster-ClusterId{value='68e2e0c7f6b434798554825a', description='FiapCluster'}-srv-cluster0.tuwr99s.mongodb.net] org.mongodb.driver.cluster               : Adding discovered server ac-9wtmxkw-shard-00-02.tuwr99s.mongodb.net:27017 to client view of cluster
2025-10-05T18:19:03.894-03:00  INFO 10140 --- [esgames-endpoints] [cluster-ClusterId{value='68e2e0c7f6b434798554825a', description='FiapCluster'}-ac-9wtmxkw-shard-00-01.tuwr99s.mongodb.net:27017] org.mongodb.driver.cluster               : Monitor thread successfully connected to server with description ServerDescription{address=ac-9wtmxkw-shard-00-01.tuwr99s.mongodb.net:27017, type=REPLICA_SET_PRIMARY, state=CONNECTED, ok=true, minWireVersion=0, maxWireVersion=25, maxDocumentSize=16777216, logicalSessionTimeoutMinutes=30, roundTripTimeNanos=374291399, setName='atlas-wno0ut-shard-0', canonicalAddress=ac-9wtmxkw-shard-00-01.tuwr99s.mongodb.net:27017, hosts=[ac-9wtmxkw-shard-00-02.tuwr99s.mongodb.net:27017, ac-9wtmxkw-shard-00-01.tuwr99s.mongodb.net:27017, ac-9wtmxkw-shard-00-00.tuwr99s.mongodb.net:27017], passives=[], arbiters=[], primary='ac-9wtmxkw-shard-00-01.tuwr99s.mongodb.net:27017', tagSet=TagSet{[Tag{name='availabilityZone', value='sae1-az3'}, Tag{name='diskState', value='READY'}, Tag{name='nodeType', value='ELECTABLE'}, Tag{name='provider', value='AWS'}, Tag{name='region', value='SA_EAST_1'}, Tag{name='workloadType', value='OPERATIONAL'}]}, electionId=7fffffff0000000000000076, setVersion=103, topologyVersion=TopologyVersion{processId=68de941661aafb1ff1a5975a, counter=6}, lastWriteDate=Sun Oct 05 18:19:07 BRT 2025, lastUpdateTimeNanos=16916732916000}
2025-10-05T18:19:03.894-03:00  INFO 10140 --- [esgames-endpoints] [cluster-ClusterId{value='68e2e0c7f6b434798554825a', description='FiapCluster'}-ac-9wtmxkw-shard-00-02.tuwr99s.mongodb.net:27017] org.mongodb.driver.cluster               : Monitor thread successfully connected to server with description ServerDescription{address=ac-9wtmxkw-shard-00-02.tuwr99s.mongodb.net:27017, type=REPLICA_SET_SECONDARY, state=CONNECTED, ok=true, minWireVersion=0, maxWireVersion=25, maxDocumentSize=16777216, logicalSessionTimeoutMinutes=30, roundTripTimeNanos=374220300, setName='atlas-wno0ut-shard-0', canonicalAddress=ac-9wtmxkw-shard-00-02.tuwr99s.mongodb.net:27017, hosts=[ac-9wtmxkw-shard-00-02.tuwr99s.mongodb.net:27017, ac-9wtmxkw-shard-00-01.tuwr99s.mongodb.net:27017, ac-9wtmxkw-shard-00-00.tuwr99s.mongodb.net:27017], passives=[], arbiters=[], primary='ac-9wtmxkw-shard-00-01.tuwr99s.mongodb.net:27017', tagSet=TagSet{[Tag{name='availabilityZone', value='sae1-az2'}, Tag{name='diskState', value='READY'}, Tag{name='nodeType', value='ELECTABLE'}, Tag{name='provider', value='AWS'}, Tag{name='region', value='SA_EAST_1'}, Tag{name='workloadType', value='OPERATIONAL'}]}, electionId=null, setVersion=103, topologyVersion=TopologyVersion{processId=68de9444b2cd66659f983404, counter=3}, lastWriteDate=Sun Oct 05 18:19:07 BRT 2025, lastUpdateTimeNanos=16916732916000}
2025-10-05T18:19:03.894-03:00  INFO 10140 --- [esgames-endpoints] [cluster-ClusterId{value='68e2e0c7f6b434798554825a', description='FiapCluster'}-ac-9wtmxkw-shard-00-00.tuwr99s.mongodb.net:27017] org.mongodb.driver.cluster               : Monitor thread successfully connected to server with description ServerDescription{address=ac-9wtmxkw-shard-00-00.tuwr99s.mongodb.net:27017, type=REPLICA_SET_SECONDARY, state=CONNECTED, ok=true, minWireVersion=0, maxWireVersion=25, maxDocumentSize=16777216, logicalSessionTimeoutMinutes=30, roundTripTimeNanos=378465300, setName='atlas-wno0ut-shard-0', canonicalAddress=ac-9wtmxkw-shard-00-00.tuwr99s.mongodb.net:27017, hosts=[ac-9wtmxkw-shard-00-02.tuwr99s.mongodb.net:27017, ac-9wtmxkw-shard-00-01.tuwr99s.mongodb.net:27017, ac-9wtmxkw-shard-00-00.tuwr99s.mongodb.net:27017], passives=[], arbiters=[], primary='ac-9wtmxkw-shard-00-01.tuwr99s.mongodb.net:27017', tagSet=TagSet{[Tag{name='availabilityZone', value='sae1-az1'}, Tag{name='diskState', value='READY'}, Tag{name='nodeType', value='ELECTABLE'}, Tag{name='provider', value='AWS'}, Tag{name='region', value='SA_EAST_1'}, Tag{name='workloadType', value='OPERATIONAL'}]}, electionId=null, setVersion=103, topologyVersion=TopologyVersion{processId=68de93e73e0934d8621e70a0, counter=4}, lastWriteDate=Sun Oct 05 18:19:07 BRT 2025, lastUpdateTimeNanos=16916732916300}
2025-10-05T18:19:03.898-03:00  INFO 10140 --- [esgames-endpoints] [cluster-ClusterId{value='68e2e0c7f6b434798554825a', description='FiapCluster'}-ac-9wtmxkw-shard-00-01.tuwr99s.mongodb.net:27017] org.mongodb.driver.cluster               : Discovered replica set primary ac-9wtmxkw-shard-00-01.tuwr99s.mongodb.net:27017 with max election id 7fffffff0000000000000076 and max set version 103
2025-10-05T18:19:03.946-03:00  INFO 10140 --- [esgames-endpoints] [main] r$InitializeUserDetailsManagerConfigurer : Global AuthenticationManager configured with UserDetailsService bean with name authorizationService
2025-10-05T18:19:04.452-03:00  INFO 10140 --- [esgames-endpoints] [main] o.s.b.w.embedded.tomcat.TomcatWebServer  : Tomcat started on port 8080 (http) with context path '/api'
2025-10-05T18:19:04.459-03:00  INFO 10140 --- [esgames-endpoints] [main] b.c.f.e.EsgamesEndpointsApplication      : Started EsgamesEndpointsApplication in 3.247 seconds (process running for 3.597)
2025-10-05T19:21:50.342-03:00  INFO 26940 --- [esgames-endpoints] [main] b.c.f.e.EsgamesEndpointsApplication      : Starting EsgamesEndpointsApplication using Java 21.0.8 with PID 26940 (C:\Users\Gabi\IdeaProjects\ESGGAMES-ENDPOINTS\target\classes started by Gabi in C:\Users\Gabi\IdeaProjects\ESGGAMES-ENDPOINTS)
2025-10-05T19:21:50.344-03:00  INFO 26940 --- [esgames-endpoints] [main] b.c.f.e.EsgamesEndpointsApplication      : No active profile set, falling back to 1 default profile: "default"
2025-10-05T19:21:51.239-03:00  INFO 26940 --- [esgames-endpoints] [main] .s.d.r.c.RepositoryConfigurationDelegate : Bootstrapping Spring Data MongoDB repositories in DEFAULT mode.
2025-10-05T19:21:51.312-03:00  INFO 26940 --- [esgames-endpoints] [main] .s.d.r.c.RepositoryConfigurationDelegate : Finished Spring Data repository scanning in 68 ms. Found 4 MongoDB repository interfaces.
2025-10-05T19:21:51.871-03:00  INFO 26940 --- [esgames-endpoints] [main] o.s.b.w.embedded.tomcat.TomcatWebServer  : Tomcat initialized with port 8080 (http)
2025-10-05T19:21:51.887-03:00  INFO 26940 --- [esgames-endpoints] [main] o.apache.catalina.core.StandardService   : Starting service [Tomcat]
2025-10-05T19:21:51.887-03:00  INFO 26940 --- [esgames-endpoints] [main] o.apache.catalina.core.StandardEngine    : Starting Servlet engine: [Apache Tomcat/10.1.30]
2025-10-05T19:21:51.948-03:00  INFO 26940 --- [esgames-endpoints] [main] o.a.c.c.C.[Tomcat].[localhost].[/api]    : Initializing Spring embedded WebApplicationContext
2025-10-05T19:21:51.948-03:00  INFO 26940 --- [esgames-endpoints] [main] w.s.c.ServletWebServerApplicationContext : Root WebApplicationContext: initialization completed in 1549 ms
2025-10-05T19:21:52.112-03:00  INFO 26940 --- [esgames-endpoints] [cluster-ClusterId{value='68e2ef806738ad7f8ae968ec', description='FiapCluster'}-srv-cluster0.tuwr99s.mongodb.net] org.mongodb.driver.cluster               : Adding discovered server ac-9wtmxkw-shard-00-01.tuwr99s.mongodb.net:27017 to client view of cluster
2025-10-05T19:21:52.133-03:00  INFO 26940 --- [esgames-endpoints] [main] org.mongodb.driver.client                : MongoClient with metadata {"application": {"name": "FiapCluster"}, "driver": {"name": "mongo-java-driver|sync|spring-boot", "version": "5.0.1"}, "os": {"type": "Windows", "name": "Windows 11", "architecture": "amd64", "version": "10.0"}, "platform": "Java/Eclipse Adoptium/21.0.8+9-LTS"} created with settings MongoClientSettings{readPreference=primary, writeConcern=WriteConcern{w=majority, wTimeout=null ms, journal=null}, retryWrites=true, retryReads=true, readConcern=ReadConcern{level=null}, credential=MongoCredential{mechanism=null, userName='gabimay', source='admin', password=<hidden>, mechanismProperties=<hidden>}, transportSettings=null, commandListeners=[], codecRegistry=ProvidersCodecRegistry{codecProviders=[ValueCodecProvider{}, BsonValueCodecProvider{}, DBRefCodecProvider{}, DBObjectCodecProvider{}, DocumentCodecProvider{}, CollectionCodecProvider{}, IterableCodecProvider{}, MapCodecProvider{}, GeoJsonCodecProvider{}, GridFSFileCodecProvider{}, Jsr310CodecProvider{}, JsonObjectCodecProvider{}, BsonCodecProvider{}, EnumCodecProvider{}, com.mongodb.client.model.mql.ExpressionCodecProvider@3e1fd62b, com.mongodb.Jep395RecordCodecProvider@7112ce6, com.mongodb.KotlinCodecProvider@558b4942]}, loggerSettings=LoggerSettings{maxDocumentLength=1000}, clusterSettings={hosts=[127.0.0.1:27017], srvHost=cluster0.tuwr99s.mongodb.net, srvServiceName=mongodb, mode=MULTIPLE, requiredClusterType=REPLICA_SET, requiredReplicaSetName='atlas-wno0ut-shard-0', serverSelector='null', clusterListeners='[]', serverSelectionTimeout='30000 ms', localThreshold='15 ms'}, socketSettings=SocketSettings{connectTimeoutMS=10000, readTimeoutMS=0, receiveBufferSize=0, proxySettings=ProxySettings{host=null, port=null, username=null, password=null}}, heartbeatSocketSettings=SocketSettings{connectTimeoutMS=10000, readTimeoutMS=10000, receiveBufferSize=0, proxySettings=ProxySettings{host=null, port=null, username=null, password=null}}, connectionPoolSettings=ConnectionPoolSettings{maxSize=100, minSize=0, maxWaitTimeMS=120000, maxConnectionLifeTimeMS=0, maxConnectionIdleTimeMS=0, maintenanceInitialDelayMS=0, maintenanceFrequencyMS=60000, connectionPoolListeners=[], maxConnecting=2}, serverSettings=ServerSettings{heartbeatFrequencyMS=10000, minHeartbeatFrequencyMS=500, serverListeners='[]', serverMonitorListeners='[]'}, sslSettings=SslSettings{enabled=true, invalidHostNameAllowed=false, context=null}, applicationName='FiapCluster', compressorList=[], uuidRepresentation=JAVA_LEGACY, serverApi=null, autoEncryptionSettings=null, dnsClient=null, inetAddressResolver=null, contextProvider=null}
2025-10-05T19:21:52.145-03:00  INFO 26940 --- [esgames-endpoints] [cluster-ClusterId{value='68e2ef806738ad7f8ae968ec', description='FiapCluster'}-srv-cluster0.tuwr99s.mongodb.net] org.mongodb.driver.cluster               : Adding discovered server ac-9wtmxkw-shard-00-00.tuwr99s.mongodb.net:27017 to client view of cluster
2025-10-05T19:21:52.148-03:00  INFO 26940 --- [esgames-endpoints] [cluster-ClusterId{value='68e2ef806738ad7f8ae968ec', description='FiapCluster'}-srv-cluster0.tuwr99s.mongodb.net] org.mongodb.driver.cluster               : Adding discovered server ac-9wtmxkw-shard-00-02.tuwr99s.mongodb.net:27017 to client view of cluster
2025-10-05T19:21:52.767-03:00  INFO 26940 --- [esgames-endpoints] [cluster-ClusterId{value='68e2ef806738ad7f8ae968ec', description='FiapCluster'}-ac-9wtmxkw-shard-00-02.tuwr99s.mongodb.net:27017] org.mongodb.driver.cluster               : Monitor thread successfully connected to server with description ServerDescription{address=ac-9wtmxkw-shard-00-02.tuwr99s.mongodb.net:27017, type=REPLICA_SET_SECONDARY, state=CONNECTED, ok=true, minWireVersion=0, maxWireVersion=25, maxDocumentSize=16777216, logicalSessionTimeoutMinutes=30, roundTripTimeNanos=353660100, setName='atlas-wno0ut-shard-0', canonicalAddress=ac-9wtmxkw-shard-00-02.tuwr99s.mongodb.net:27017, hosts=[ac-9wtmxkw-shard-00-02.tuwr99s.mongodb.net:27017, ac-9wtmxkw-shard-00-01.tuwr99s.mongodb.net:27017, ac-9wtmxkw-shard-00-00.tuwr99s.mongodb.net:27017], passives=[], arbiters=[], primary='ac-9wtmxkw-shard-00-01.tuwr99s.mongodb.net:27017', tagSet=TagSet{[Tag{name='availabilityZone', value='sae1-az2'}, Tag{name='diskState', value='READY'}, Tag{name='nodeType', value='ELECTABLE'}, Tag{name='provider', value='AWS'}, Tag{name='region', value='SA_EAST_1'}, Tag{name='workloadType', value='OPERATIONAL'}]}, electionId=null, setVersion=103, topologyVersion=TopologyVersion{processId=68de9444b2cd66659f983404, counter=3}, lastWriteDate=Sun Oct 05 19:21:50 BRT 2025, lastUpdateTimeNanos=20685606212300}
2025-10-05T19:21:52.767-03:00  INFO 26940 --- [esgames-endpoints] [cluster-ClusterId{value='68e2ef806738ad7f8ae968ec', description='FiapCluster'}-ac-9wtmxkw-shard-00-01.tuwr99s.mongodb.net:27017] org.mongodb.driver.cluster               : Monitor thread successfully connected to server with description ServerDescription{address=ac-9wtmxkw-shard-00-01.tuwr99s.mongodb.net:27017, type=REPLICA_SET_PRIMARY, state=CONNECTED, ok=true, minWireVersion=0, maxWireVersion=25, maxDocumentSize=16777216, logicalSessionTimeoutMinutes=30, roundTripTimeNanos=353640200, setName='atlas-wno0ut-shard-0', canonicalAddress=ac-9wtmxkw-shard-00-01.tuwr99s.mongodb.net:27017, hosts=[ac-9wtmxkw-shard-00-02.tuwr99s.mongodb.net:27017, ac-9wtmxkw-shard-00-01.tuwr99s.mongodb.net:27017, ac-9wtmxkw-shard-00-00.tuwr99s.mongodb.net:27017], passives=[], arbiters=[], primary='ac-9wtmxkw-shard-00-01.tuwr99s.mongodb.net:27017', tagSet=TagSet{[Tag{name='availabilityZone', value='sae1-az3'}, Tag{name='diskState', value='READY'}, Tag{name='nodeType', value='ELECTABLE'}, Tag{name='provider', value='AWS'}, Tag{name='region', value='SA_EAST_1'}, Tag{name='workloadType', value='OPERATIONAL'}]}, electionId=7fffffff0000000000000076, setVersion=103, topologyVersion=TopologyVersion{processId=68de941661aafb1ff1a5975a, counter=6}, lastWriteDate=Sun Oct 05 19:21:50 BRT 2025, lastUpdateTimeNanos=20685606212300}
2025-10-05T19:21:52.767-03:00  INFO 26940 --- [esgames-endpoints] [cluster-ClusterId{value='68e2ef806738ad7f8ae968ec', description='FiapCluster'}-ac-9wtmxkw-shard-00-00.tuwr99s.mongodb.net:27017] org.mongodb.driver.cluster               : Monitor thread successfully connected to server with description ServerDescription{address=ac-9wtmxkw-shard-00-00.tuwr99s.mongodb.net:27017, type=REPLICA_SET_SECONDARY, state=CONNECTED, ok=true, minWireVersion=0, maxWireVersion=25, maxDocumentSize=16777216, logicalSessionTimeoutMinutes=30, roundTripTimeNanos=353629800, setName='atlas-wno0ut-shard-0', canonicalAddress=ac-9wtmxkw-shard-00-00.tuwr99s.mongodb.net:27017, hosts=[ac-9wtmxkw-shard-00-02.tuwr99s.mongodb.net:27017, ac-9wtmxkw-shard-00-01.tuwr99s.mongodb.net:27017, ac-9wtmxkw-shard-00-00.tuwr99s.mongodb.net:27017], passives=[], arbiters=[], primary='ac-9wtmxkw-shard-00-01.tuwr99s.mongodb.net:27017', tagSet=TagSet{[Tag{name='availabilityZone', value='sae1-az1'}, Tag{name='diskState', value='READY'}, Tag{name='nodeType', value='ELECTABLE'}, Tag{name='provider', value='AWS'}, Tag{name='region', value='SA_EAST_1'}, Tag{name='workloadType', value='OPERATIONAL'}]}, electionId=null, setVersion=103, topologyVersion=TopologyVersion{processId=68de93e73e0934d8621e70a0, counter=4}, lastWriteDate=Sun Oct 05 19:21:50 BRT 2025, lastUpdateTimeNanos=20685606212300}
2025-10-05T19:21:52.772-03:00  INFO 26940 --- [esgames-endpoints] [cluster-ClusterId{value='68e2ef806738ad7f8ae968ec', description='FiapCluster'}-ac-9wtmxkw-shard-00-01.tuwr99s.mongodb.net:27017] org.mongodb.driver.cluster               : Discovered replica set primary ac-9wtmxkw-shard-00-01.tuwr99s.mongodb.net:27017 with max election id 7fffffff0000000000000076 and max set version 103
2025-10-05T19:21:52.784-03:00  INFO 26940 --- [esgames-endpoints] [main] r$InitializeUserDetailsManagerConfigurer : Global AuthenticationManager configured with UserDetailsService bean with name authorizationService
2025-10-05T19:21:53.299-03:00  WARN 26940 --- [esgames-endpoints] [main] ConfigServletWebServerApplicationContext : Exception encountered during context initialization - cancelling refresh attempt: org.springframework.context.ApplicationContextException: Failed to start bean 'webServerStartStop'
2025-10-05T19:21:53.368-03:00  INFO 26940 --- [esgames-endpoints] [main] .s.b.a.l.ConditionEvaluationReportLogger : 

Error starting ApplicationContext. To display the condition evaluation report re-run your application with 'debug' enabled.
2025-10-05T19:21:53.386-03:00 ERROR 26940 --- [esgames-endpoints] [main] o.s.b.d.LoggingFailureAnalysisReporter   : 

***************************
APPLICATION FAILED TO START
***************************

Description:

Web server failed to start. Port 8080 was already in use.

Action:

Identify and stop the process that's listening on port 8080 or configure this application to listen on another port.

